<?xml version="1.0" encoding="UTF-8"?>
<testng-results ignored="0" total="1" passed="1" failed="0" skipped="0">
  <reporter-output>
  </reporter-output>
  <suite started-at="2024-04-25T19:23:21 IST" name="Default suite" finished-at="2024-04-25T19:23:40 IST" duration-ms="18857">
    <groups>
    </groups>
    <test started-at="2024-04-25T19:23:21 IST" name="Default test" finished-at="2024-04-25T19:23:40 IST" duration-ms="18857">
      <class name="Swetha.tests.SubmitOrderTest">
        <test-method is-config="true" signature="launchApplication()[pri:0, instance:Swetha.tests.SubmitOrderTest@36ebc363]" started-at="2024-04-25T19:23:21 IST" name="launchApplication" finished-at="2024-04-25T19:23:25 IST" duration-ms="3410" status="PASS">
          <reporter-output>
          </reporter-output>
        </test-method> <!-- launchApplication -->
        <test-method signature="submitOrder()[pri:0, instance:Swetha.tests.SubmitOrderTest@36ebc363]" started-at="2024-04-25T19:23:25 IST" name="submitOrder" finished-at="2024-04-25T19:23:40 IST" duration-ms="15347" status="PASS">
          <reporter-output>
          </reporter-output>
        </test-method> <!-- submitOrder -->
        <test-method is-config="true" signature="tearDown()[pri:0, instance:Swetha.tests.SubmitOrderTest@36ebc363]" started-at="2024-04-25T19:23:40 IST" name="tearDown" finished-at="2024-04-25T19:23:40 IST" duration-ms="68" status="PASS">
          <reporter-output>
          </reporter-output>
        </test-method> <!-- tearDown -->
      </class> <!-- Swetha.tests.SubmitOrderTest -->
    </test> <!-- Default test -->
  </suite> <!-- Default suite -->
</testng-results>
