<?xml version="1.0" encoding="UTF-8"?>
<!-- Generated by org.testng.reporters.JUnitXMLReporter -->
<testsuite ignored="0" hostname="IN-GPS102490" failures="1" tests="2" name="ErrorValidationsTest" time="11.226" errors="0" timestamp="2024-05-09T18:02:44 IST">
  <testcase classname="Swetha.tests.ErrorValidationsTest" name="LoginErrorValidation" time="1.405">
    <skipped/>
  </testcase> <!-- LoginErrorValidation -->
  <testcase classname="Swetha.tests.ErrorValidationsTest" name="LoginErrorValidation" time="0.85">
    <failure type="java.lang.AssertionError" message="expected [Incorrect email or password.] but found [Incorrect email  password.]">
      <![CDATA[java.lang.AssertionError: expected [Incorrect email or password.] but found [Incorrect email  password.]
at Swetha.tests.ErrorValidationsTest.LoginErrorValidation(ErrorValidationsTest.java:18)
at java.base/java.util.ArrayList.forEach(ArrayList.java:1511)
at java.base/java.util.concurrent.FutureTask.run(FutureTask.java:264)
at java.base/java.util.concurrent.ThreadPoolExecutor.runWorker(ThreadPoolExecutor.java:1130)
at java.base/java.util.concurrent.ThreadPoolExecutor$Worker.run(ThreadPoolExecutor.java:630)
at java.base/java.lang.Thread.run(Thread.java:831)
... Removed 23 stack frames]]>
    </failure>
  </testcase> <!-- LoginErrorValidation -->
</testsuite> <!-- ErrorValidationsTest -->
